{"D:\\best\\jest-starter\\src\\apis\\user.ts": {"path":"D:\\best\\jest-starter\\src\\apis\\user.ts","all":false,"statementMap":{"0":{"start":{"line":1,"column":0},"end":{"line":1,"column":26}},"1":{"start":{"line":2,"column":0},"end":{"line":2,"column":0}},"2":{"start":{"line":3,"column":0},"end":{"line":3,"column":9}},"3":{"start":{"line":4,"column":0},"end":{"line":4,"column":44}},"4":{"start":{"line":5,"column":0},"end":{"line":5,"column":0}},"5":{"start":{"line":6,"column":0},"end":{"line":6,"column":5}},"6":{"start":{"line":7,"column":0},"end":{"line":7,"column":33}},"7":{"start":{"line":8,"column":0},"end":{"line":8,"column":25}},"8":{"start":{"line":9,"column":0},"end":{"line":9,"column":1}},"9":{"start":{"line":10,"column":0},"end":{"line":10,"column":0}},"10":{"start":{"line":11,"column":0},"end":{"line":11,"column":11}},"11":{"start":{"line":12,"column":0},"end":{"line":12,"column":40}},"12":{"start":{"line":13,"column":0},"end":{"line":13,"column":66}},"13":{"start":{"line":14,"column":0},"end":{"line":14,"column":2}}},"s":{"0":1,"1":1,"2":1,"3":1,"4":1,"5":1,"6":1,"7":1,"8":1,"9":1,"10":1,"11":1,"12":3,"13":3},"branchMap":{"0":{"type":"branch","line":12,"loc":{"start":{"line":12,"column":27},"end":{"line":14,"column":2}},"locations":[{"start":{"line":12,"column":27},"end":{"line":14,"column":2}}]},"1":{"type":"branch","line":12,"loc":{"start":{"line":12,"column":38},"end":{"line":14,"column":2}},"locations":[{"start":{"line":12,"column":38},"end":{"line":14,"column":2}}]}},"b":{"0":[3],"1":[3]},"fnMap":{"0":{"name":"getUserRole","decl":{"start":{"line":12,"column":27},"end":{"line":14,"column":2}},"loc":{"start":{"line":12,"column":27},"end":{"line":14,"column":2}},"line":12}},"f":{"0":3}}
,"D:\\best\\jest-starter\\src\\components\\Title.tsx": {"path":"D:\\best\\jest-starter\\src\\components\\Title.tsx","all":false,"statementMap":{"0":{"start":{"line":1,"column":0},"end":{"line":1,"column":27}},"1":{"start":{"line":2,"column":0},"end":{"line":2,"column":49}},"2":{"start":{"line":3,"column":0},"end":{"line":3,"column":0}},"3":{"start":{"line":4,"column":0},"end":{"line":4,"column":17}},"4":{"start":{"line":5,"column":0},"end":{"line":5,"column":26}},"5":{"start":{"line":6,"column":0},"end":{"line":6,"column":16}},"6":{"start":{"line":7,"column":0},"end":{"line":7,"column":1}},"7":{"start":{"line":8,"column":0},"end":{"line":8,"column":0}},"8":{"start":{"line":9,"column":0},"end":{"line":9,"column":11}},"9":{"start":{"line":10,"column":0},"end":{"line":10,"column":35}},"10":{"start":{"line":11,"column":0},"end":{"line":11,"column":18}},"11":{"start":{"line":12,"column":0},"end":{"line":12,"column":15}},"12":{"start":{"line":13,"column":0},"end":{"line":13,"column":2}},"13":{"start":{"line":14,"column":0},"end":{"line":14,"column":0}},"14":{"start":{"line":15,"column":0},"end":{"line":15,"column":11}},"15":{"start":{"line":16,"column":0},"end":{"line":16,"column":35}},"16":{"start":{"line":17,"column":0},"end":{"line":17,"column":20}},"17":{"start":{"line":18,"column":0},"end":{"line":18,"column":17}},"18":{"start":{"line":19,"column":0},"end":{"line":19,"column":2}},"19":{"start":{"line":20,"column":0},"end":{"line":20,"column":0}},"20":{"start":{"line":21,"column":0},"end":{"line":21,"column":12}},"21":{"start":{"line":22,"column":0},"end":{"line":22,"column":63}},"22":{"start":{"line":23,"column":0},"end":{"line":23,"column":20}},"23":{"start":{"line":24,"column":0},"end":{"line":24,"column":20}},"24":{"start":{"line":25,"column":0},"end":{"line":25,"column":2}},"25":{"start":{"line":26,"column":0},"end":{"line":26,"column":0}},"26":{"start":{"line":27,"column":0},"end":{"line":27,"column":5}},"27":{"start":{"line":28,"column":0},"end":{"line":28,"column":37}},"28":{"start":{"line":29,"column":0},"end":{"line":29,"column":32}},"29":{"start":{"line":30,"column":0},"end":{"line":30,"column":0}},"30":{"start":{"line":31,"column":0},"end":{"line":31,"column":50}},"31":{"start":{"line":32,"column":0},"end":{"line":32,"column":2}},"32":{"start":{"line":33,"column":0},"end":{"line":33,"column":0}},"33":{"start":{"line":34,"column":0},"end":{"line":34,"column":21}}},"s":{"0":1,"1":1,"2":1,"3":1,"4":1,"5":1,"6":1,"7":1,"8":1,"9":1,"10":1,"11":1,"12":1,"13":1,"14":1,"15":1,"16":1,"17":1,"18":1,"19":1,"20":1,"21":1,"22":1,"23":1,"24":1,"25":1,"26":1,"27":1,"28":2,"29":2,"30":2,"31":2,"32":1,"33":1},"branchMap":{"0":{"type":"branch","line":28,"loc":{"start":{"line":28,"column":25},"end":{"line":32,"column":2}},"locations":[{"start":{"line":28,"column":25},"end":{"line":32,"column":2}}]}},"b":{"0":[2]},"fnMap":{"0":{"name":"Title","decl":{"start":{"line":28,"column":25},"end":{"line":32,"column":2}},"loc":{"start":{"line":28,"column":25},"end":{"line":32,"column":2}},"line":28}},"f":{"0":2}}
,"D:\\best\\jest-starter\\src\\components\\AuthButton\\index.tsx": {"path":"D:\\best\\jest-starter\\src\\components\\AuthButton\\index.tsx","all":false,"statementMap":{"0":{"start":{"line":1,"column":0},"end":{"line":1,"column":38}},"1":{"start":{"line":2,"column":0},"end":{"line":2,"column":55}},"2":{"start":{"line":3,"column":0},"end":{"line":3,"column":52}},"3":{"start":{"line":4,"column":0},"end":{"line":4,"column":36}},"4":{"start":{"line":5,"column":0},"end":{"line":5,"column":42}},"5":{"start":{"line":6,"column":0},"end":{"line":6,"column":54}},"6":{"start":{"line":7,"column":0},"end":{"line":7,"column":0}},"7":{"start":{"line":8,"column":0},"end":{"line":8,"column":25}},"8":{"start":{"line":9,"column":0},"end":{"line":9,"column":0}},"9":{"start":{"line":10,"column":0},"end":{"line":10,"column":14}},"10":{"start":{"line":11,"column":0},"end":{"line":11,"column":46}},"11":{"start":{"line":12,"column":0},"end":{"line":12,"column":15}},"12":{"start":{"line":13,"column":0},"end":{"line":13,"column":15}},"13":{"start":{"line":14,"column":0},"end":{"line":14,"column":2}},"14":{"start":{"line":15,"column":0},"end":{"line":15,"column":0}},"15":{"start":{"line":16,"column":0},"end":{"line":16,"column":42}},"16":{"start":{"line":17,"column":0},"end":{"line":17,"column":54}},"17":{"start":{"line":18,"column":0},"end":{"line":18,"column":0}},"18":{"start":{"line":19,"column":0},"end":{"line":19,"column":59}},"19":{"start":{"line":20,"column":0},"end":{"line":20,"column":0}},"20":{"start":{"line":21,"column":0},"end":{"line":21,"column":14}},"21":{"start":{"line":22,"column":0},"end":{"line":22,"column":37}},"22":{"start":{"line":23,"column":0},"end":{"line":23,"column":36}},"23":{"start":{"line":24,"column":0},"end":{"line":24,"column":35}},"24":{"start":{"line":25,"column":0},"end":{"line":25,"column":4}},"25":{"start":{"line":26,"column":0},"end":{"line":26,"column":0}},"26":{"start":{"line":27,"column":0},"end":{"line":27,"column":19}},"27":{"start":{"line":28,"column":0},"end":{"line":28,"column":59}},"28":{"start":{"line":29,"column":0},"end":{"line":29,"column":9}},"29":{"start":{"line":30,"column":0},"end":{"line":30,"column":0}},"30":{"start":{"line":31,"column":0},"end":{"line":31,"column":10}},"31":{"start":{"line":32,"column":0},"end":{"line":32,"column":80}},"32":{"start":{"line":33,"column":0},"end":{"line":33,"column":31}},"33":{"start":{"line":34,"column":0},"end":{"line":34,"column":16}},"34":{"start":{"line":35,"column":0},"end":{"line":35,"column":13}},"35":{"start":{"line":36,"column":0},"end":{"line":36,"column":4}},"36":{"start":{"line":37,"column":0},"end":{"line":37,"column":2}},"37":{"start":{"line":38,"column":0},"end":{"line":38,"column":0}},"38":{"start":{"line":39,"column":0},"end":{"line":39,"column":26}}},"s":{"0":1,"1":1,"2":1,"3":1,"4":1,"5":1,"6":1,"7":1,"8":1,"9":1,"10":1,"11":1,"12":1,"13":1,"14":1,"15":1,"16":5,"17":5,"18":5,"19":5,"20":5,"21":5,"22":3,"23":2,"24":3,"25":5,"26":5,"27":3,"28":5,"29":5,"30":5,"31":5,"32":5,"33":5,"34":5,"35":5,"36":5,"37":1,"38":1},"branchMap":{"0":{"type":"branch","line":16,"loc":{"start":{"line":16,"column":30},"end":{"line":37,"column":2}},"locations":[{"start":{"line":16,"column":30},"end":{"line":37,"column":2}}]},"1":{"type":"branch","line":33,"loc":{"start":{"line":33,"column":24},"end":{"line":33,"column":30}},"locations":[{"start":{"line":33,"column":24},"end":{"line":33,"column":30}}]},"2":{"type":"branch","line":22,"loc":{"start":{"line":22,"column":24},"end":{"line":25,"column":4}},"locations":[{"start":{"line":22,"column":24},"end":{"line":25,"column":4}}]},"3":{"type":"branch","line":22,"loc":{"start":{"line":22,"column":35},"end":{"line":25,"column":3}},"locations":[{"start":{"line":22,"column":35},"end":{"line":25,"column":3}}]},"4":{"type":"branch","line":24,"loc":{"start":{"line":24,"column":-1},"end":{"line":25,"column":3}},"locations":[{"start":{"line":24,"column":-1},"end":{"line":25,"column":3}}]},"5":{"type":"branch","line":27,"loc":{"start":{"line":27,"column":12},"end":{"line":29,"column":3}},"locations":[{"start":{"line":27,"column":12},"end":{"line":29,"column":3}}]}},"b":{"0":[5],"1":[3],"2":[3],"3":[3],"4":[2],"5":[3]},"fnMap":{"0":{"name":"AuthButton","decl":{"start":{"line":16,"column":30},"end":{"line":37,"column":2}},"loc":{"start":{"line":16,"column":30},"end":{"line":37,"column":2}},"line":16},"1":{"name":"getLoginState","decl":{"start":{"line":22,"column":24},"end":{"line":25,"column":4}},"loc":{"start":{"line":22,"column":24},"end":{"line":25,"column":4}},"line":22}},"f":{"0":5,"1":3}}
,"D:\\best\\jest-starter\\src\\components\\AuthButton\\styles.module.less": {"path":"D:\\best\\jest-starter\\src\\components\\AuthButton\\styles.module.less","all":false,"statementMap":{"0":{"start":{"line":1,"column":0},"end":{"line":1,"column":47}},"1":{"start":{"line":2,"column":0},"end":{"line":2,"column":13}},"2":{"start":{"line":3,"column":0},"end":{"line":3,"column":26}},"3":{"start":{"line":4,"column":0},"end":{"line":4,"column":1}}},"s":{"0":1,"1":1,"2":1,"3":1},"branchMap":{"0":{"type":"branch","line":1,"loc":{"start":{"line":1,"column":0},"end":{"line":1,"column":24}},"locations":[{"start":{"line":1,"column":0},"end":{"line":1,"column":24}}]},"1":{"type":"branch","line":1,"loc":{"start":{"line":1,"column":0},"end":{"line":1,"column":21}},"locations":[{"start":{"line":1,"column":0},"end":{"line":1,"column":21}}]}},"b":{"0":[2],"1":[2]},"fnMap":{"0":{"name":"Object.<anonymous>","decl":{"start":{"line":1,"column":0},"end":{"line":1,"column":21}},"loc":{"start":{"line":1,"column":0},"end":{"line":1,"column":21}},"line":1}},"f":{"0":2}}
,"D:\\best\\jest-starter\\src\\utils\\getSearchObj.ts": {"path":"D:\\best\\jest-starter\\src\\utils\\getSearchObj.ts","all":false,"statementMap":{"0":{"start":{"line":1,"column":0},"end":{"line":1,"column":28}},"1":{"start":{"line":2,"column":0},"end":{"line":2,"column":28}},"2":{"start":{"line":3,"column":0},"end":{"line":3,"column":13}},"3":{"start":{"line":4,"column":0},"end":{"line":4,"column":37}},"4":{"start":{"line":5,"column":0},"end":{"line":5,"column":0}},"5":{"start":{"line":6,"column":0},"end":{"line":6,"column":12}},"6":{"start":{"line":7,"column":0},"end":{"line":7,"column":36}},"7":{"start":{"line":8,"column":0},"end":{"line":8,"column":0}},"8":{"start":{"line":9,"column":0},"end":{"line":9,"column":19}},"9":{"start":{"line":10,"column":0},"end":{"line":10,"column":37}},"10":{"start":{"line":11,"column":0},"end":{"line":11,"column":0}},"11":{"start":{"line":12,"column":0},"end":{"line":12,"column":17}},"12":{"start":{"line":13,"column":0},"end":{"line":13,"column":47}},"13":{"start":{"line":14,"column":0},"end":{"line":14,"column":0}},"14":{"start":{"line":15,"column":0},"end":{"line":15,"column":27}},"15":{"start":{"line":16,"column":0},"end":{"line":16,"column":13}},"16":{"start":{"line":17,"column":0},"end":{"line":17,"column":41}},"17":{"start":{"line":18,"column":0},"end":{"line":18,"column":27}},"18":{"start":{"line":19,"column":0},"end":{"line":19,"column":5}},"19":{"start":{"line":20,"column":0},"end":{"line":20,"column":0}},"20":{"start":{"line":21,"column":0},"end":{"line":21,"column":19}},"21":{"start":{"line":22,"column":0},"end":{"line":22,"column":2}},"22":{"start":{"line":23,"column":0},"end":{"line":23,"column":0}},"23":{"start":{"line":24,"column":0},"end":{"line":24,"column":28}}},"s":{"0":1,"1":1,"2":2,"3":2,"4":2,"5":2,"6":2,"7":2,"8":2,"9":2,"10":2,"11":2,"12":2,"13":2,"14":2,"15":3,"16":3,"17":3,"18":2,"19":2,"20":2,"21":2,"22":1,"23":1},"branchMap":{"0":{"type":"branch","line":2,"loc":{"start":{"line":2,"column":21},"end":{"line":22,"column":2}},"locations":[{"start":{"line":2,"column":21},"end":{"line":22,"column":2}}]},"1":{"type":"branch","line":15,"loc":{"start":{"line":15,"column":16},"end":{"line":19,"column":3}},"locations":[{"start":{"line":15,"column":16},"end":{"line":19,"column":3}}]}},"b":{"0":[2],"1":[3]},"fnMap":{"0":{"name":"getSearchObj","decl":{"start":{"line":2,"column":21},"end":{"line":22,"column":2}},"loc":{"start":{"line":2,"column":21},"end":{"line":22,"column":2}},"line":2}},"f":{"0":2}}
,"D:\\best\\jest-starter\\src\\utils\\objToSearchStr.ts": {"path":"D:\\best\\jest-starter\\src\\utils\\objToSearchStr.ts","all":false,"statementMap":{"0":{"start":{"line":1,"column":0},"end":{"line":1,"column":66}},"1":{"start":{"line":2,"column":0},"end":{"line":2,"column":19}},"2":{"start":{"line":3,"column":0},"end":{"line":3,"column":32}},"3":{"start":{"line":4,"column":0},"end":{"line":4,"column":0}},"4":{"start":{"line":5,"column":0},"end":{"line":5,"column":45}},"5":{"start":{"line":6,"column":0},"end":{"line":6,"column":44}},"6":{"start":{"line":7,"column":0},"end":{"line":7,"column":50}},"7":{"start":{"line":8,"column":0},"end":{"line":8,"column":24}},"8":{"start":{"line":9,"column":0},"end":{"line":9,"column":9}},"9":{"start":{"line":10,"column":0},"end":{"line":10,"column":0}},"10":{"start":{"line":11,"column":0},"end":{"line":11,"column":12}},"11":{"start":{"line":12,"column":0},"end":{"line":12,"column":28}},"12":{"start":{"line":13,"column":0},"end":{"line":13,"column":2}},"13":{"start":{"line":14,"column":0},"end":{"line":14,"column":0}},"14":{"start":{"line":15,"column":0},"end":{"line":15,"column":30}}},"s":{"0":1,"1":1,"2":1,"3":1,"4":1,"5":2,"6":2,"7":2,"8":1,"9":1,"10":1,"11":1,"12":1,"13":1,"14":1},"branchMap":{"0":{"type":"branch","line":1,"loc":{"start":{"line":1,"column":23},"end":{"line":13,"column":2}},"locations":[{"start":{"line":1,"column":23},"end":{"line":13,"column":2}}]},"1":{"type":"branch","line":5,"loc":{"start":{"line":5,"column":30},"end":{"line":9,"column":3}},"locations":[{"start":{"line":5,"column":30},"end":{"line":9,"column":3}}]}},"b":{"0":[1],"1":[2]},"fnMap":{"0":{"name":"objToSearchStr","decl":{"start":{"line":1,"column":23},"end":{"line":13,"column":2}},"loc":{"start":{"line":1,"column":23},"end":{"line":13,"column":2}},"line":1}},"f":{"0":1}}
,"D:\\best\\jest-starter\\src\\utils\\storage.ts": {"path":"D:\\best\\jest-starter\\src\\utils\\storage.ts","all":false,"statementMap":{"0":{"start":{"line":1,"column":0},"end":{"line":1,"column":23}},"1":{"start":{"line":2,"column":0},"end":{"line":2,"column":27}},"2":{"start":{"line":3,"column":0},"end":{"line":3,"column":0}},"3":{"start":{"line":4,"column":0},"end":{"line":4,"column":45}},"4":{"start":{"line":5,"column":0},"end":{"line":5,"column":46}},"5":{"start":{"line":6,"column":0},"end":{"line":6,"column":2}},"6":{"start":{"line":7,"column":0},"end":{"line":7,"column":0}},"7":{"start":{"line":8,"column":0},"end":{"line":8,"column":30}},"8":{"start":{"line":9,"column":0},"end":{"line":9,"column":46}},"9":{"start":{"line":10,"column":0},"end":{"line":10,"column":2}},"10":{"start":{"line":11,"column":0},"end":{"line":11,"column":0}},"11":{"start":{"line":12,"column":0},"end":{"line":12,"column":17}},"12":{"start":{"line":13,"column":0},"end":{"line":13,"column":6}},"13":{"start":{"line":14,"column":0},"end":{"line":14,"column":6}},"14":{"start":{"line":15,"column":0},"end":{"line":15,"column":2}},"15":{"start":{"line":16,"column":0},"end":{"line":16,"column":0}},"16":{"start":{"line":17,"column":0},"end":{"line":17,"column":23}}},"s":{"0":1,"1":1,"2":1,"3":1,"4":1,"5":1,"6":1,"7":1,"8":1,"9":1,"10":1,"11":1,"12":1,"13":1,"14":1,"15":1,"16":1},"branchMap":{"0":{"type":"branch","line":4,"loc":{"start":{"line":4,"column":12},"end":{"line":6,"column":2}},"locations":[{"start":{"line":4,"column":12},"end":{"line":6,"column":2}}]},"1":{"type":"branch","line":8,"loc":{"start":{"line":8,"column":12},"end":{"line":10,"column":2}},"locations":[{"start":{"line":8,"column":12},"end":{"line":10,"column":2}}]}},"b":{"0":[1],"1":[1]},"fnMap":{"0":{"name":"set","decl":{"start":{"line":4,"column":12},"end":{"line":6,"column":2}},"loc":{"start":{"line":4,"column":12},"end":{"line":6,"column":2}},"line":4},"1":{"name":"get","decl":{"start":{"line":8,"column":12},"end":{"line":10,"column":2}},"loc":{"start":{"line":8,"column":12},"end":{"line":10,"column":2}},"line":8}},"f":{"0":1,"1":1}}
,"D:\\best\\jest-starter\\src\\utils\\sum.ts": {"path":"D:\\best\\jest-starter\\src\\utils\\sum.ts","all":false,"statementMap":{"0":{"start":{"line":1,"column":0},"end":{"line":1,"column":44}},"1":{"start":{"line":2,"column":0},"end":{"line":2,"column":0}},"2":{"start":{"line":3,"column":0},"end":{"line":3,"column":19}}},"s":{"0":1,"1":1,"2":1},"branchMap":{"0":{"type":"branch","line":1,"loc":{"start":{"line":1,"column":12},"end":{"line":1,"column":43}},"locations":[{"start":{"line":1,"column":12},"end":{"line":1,"column":43}}]}},"b":{"0":[1]},"fnMap":{"0":{"name":"sum","decl":{"start":{"line":1,"column":12},"end":{"line":1,"column":43}},"loc":{"start":{"line":1,"column":12},"end":{"line":1,"column":43}},"line":1}},"f":{"0":1}}
,"D:\\best\\jest-starter\\tests\\mockServer\\handlers.ts": {"path":"D:\\best\\jest-starter\\tests\\mockServer\\handlers.ts","all":false,"statementMap":{"0":{"start":{"line":1,"column":0},"end":{"line":1,"column":27}},"1":{"start":{"line":2,"column":0},"end":{"line":2,"column":0}},"2":{"start":{"line":3,"column":0},"end":{"line":3,"column":18}},"3":{"start":{"line":4,"column":0},"end":{"line":4,"column":68}},"4":{"start":{"line":5,"column":0},"end":{"line":5,"column":15}},"5":{"start":{"line":6,"column":0},"end":{"line":6,"column":22}},"6":{"start":{"line":7,"column":0},"end":{"line":7,"column":16}},"7":{"start":{"line":8,"column":0},"end":{"line":8,"column":25}},"8":{"start":{"line":9,"column":0},"end":{"line":9,"column":8}},"9":{"start":{"line":10,"column":0},"end":{"line":10,"column":6}},"10":{"start":{"line":11,"column":0},"end":{"line":11,"column":5}},"11":{"start":{"line":12,"column":0},"end":{"line":12,"column":2}},"12":{"start":{"line":13,"column":0},"end":{"line":13,"column":0}},"13":{"start":{"line":14,"column":0},"end":{"line":14,"column":24}}},"s":{"0":1,"1":1,"2":1,"3":1,"4":1,"5":1,"6":1,"7":1,"8":1,"9":1,"10":1,"11":1,"12":1,"13":1},"branchMap":{"0":{"type":"branch","line":4,"loc":{"start":{"line":4,"column":42},"end":{"line":11,"column":4}},"locations":[{"start":{"line":4,"column":42},"end":{"line":11,"column":4}}]},"1":{"type":"branch","line":4,"loc":{"start":{"line":4,"column":66},"end":{"line":11,"column":3}},"locations":[{"start":{"line":4,"column":66},"end":{"line":11,"column":3}}]}},"b":{"0":[1],"1":[1]},"fnMap":{},"f":{}}
,"D:\\best\\jest-starter\\tests\\mockServer\\server.ts": {"path":"D:\\best\\jest-starter\\tests\\mockServer\\server.ts","all":false,"statementMap":{"0":{"start":{"line":1,"column":0},"end":{"line":1,"column":39}},"1":{"start":{"line":2,"column":0},"end":{"line":2,"column":34}},"2":{"start":{"line":3,"column":0},"end":{"line":3,"column":0}},"3":{"start":{"line":4,"column":0},"end":{"line":4,"column":40}},"4":{"start":{"line":5,"column":0},"end":{"line":5,"column":0}},"5":{"start":{"line":6,"column":0},"end":{"line":6,"column":22}}},"s":{"0":1,"1":1,"2":1,"3":1,"4":1,"5":1},"branchMap":{},"b":{},"fnMap":{},"f":{}}
}
